0 info it worked if it ends with ok
1 verbose cli [ '/usr/bin/node', '/usr/bin/npm', 'install', '-g', 'yo' ]
2 info using npm@1.4.9
3 info using node@v0.10.28
4 verbose node symlink /usr/bin/node
5 verbose cache add [ 'yo', null ]
6 verbose cache add name=undefined spec="yo" args=["yo",null]
7 verbose parsed url { protocol: null,
7 verbose parsed url   slashes: null,
7 verbose parsed url   auth: null,
7 verbose parsed url   host: null,
7 verbose parsed url   port: null,
7 verbose parsed url   hostname: null,
7 verbose parsed url   hash: null,
7 verbose parsed url   search: null,
7 verbose parsed url   query: null,
7 verbose parsed url   pathname: 'yo',
7 verbose parsed url   path: 'yo',
7 verbose parsed url   href: 'yo' }
8 silly lockFile c41975d1-yo yo
9 verbose lock yo /home/firexion/.npm/c41975d1-yo.lock
10 silly lockFile c41975d1-yo yo
11 silly lockFile c41975d1-yo yo
12 verbose addNamed [ 'yo', '' ]
13 verbose addNamed [ null, '*' ]
14 silly lockFile d937c28e-yo yo@
15 verbose lock yo@ /home/firexion/.npm/d937c28e-yo.lock
16 silly addNameRange { name: 'yo', range: '*', hasData: false }
17 verbose url raw yo
18 verbose url resolving [ 'https://registry.npmjs.org/', './yo' ]
19 verbose url resolved https://registry.npmjs.org/yo
20 info trying registry request attempt 1 at 21:46:38
21 http GET https://registry.npmjs.org/yo
22 http 200 https://registry.npmjs.org/yo
23 silly registry.get cb [ 200,
23 silly registry.get   { date: 'Thu, 22 May 2014 01:46:38 GMT',
23 silly registry.get     server: 'CouchDB/1.5.0 (Erlang OTP/R14B04)',
23 silly registry.get     etag: '"1UOUCW8UKRX0XWCRJQCRJIOQE"',
23 silly registry.get     'content-type': 'application/json',
23 silly registry.get     via: '1.1 varnish',
23 silly registry.get     'cache-control': 'max-age=1',
23 silly registry.get     'content-length': '37936',
23 silly registry.get     'accept-ranges': 'bytes',
23 silly registry.get     age: '52',
23 silly registry.get     'x-served-by': 'cache-v43-ASH, cache-d96-DAL',
23 silly registry.get     'x-cache': 'HIT, HIT',
23 silly registry.get     'x-cache-hits': '1, 1',
23 silly registry.get     'x-timer': 'S1400669365.593781471,VS0,VS20,VE101,VE53833063',
23 silly registry.get     vary: 'Accept',
23 silly registry.get     'keep-alive': 'timeout=10, max=50',
23 silly registry.get     connection: 'Keep-Alive' } ]
24 silly addNameRange number 2 { name: 'yo', range: '*', hasData: true }
25 silly addNameRange versions [ 'yo',
25 silly addNameRange   [ '1.0.0-beta.1',
25 silly addNameRange     '1.0.0-beta.2',
25 silly addNameRange     '1.0.0-beta.3',
25 silly addNameRange     '1.0.0-beta.4',
25 silly addNameRange     '1.0.0-beta.5',
25 silly addNameRange     '1.0.0-beta.6',
25 silly addNameRange     '1.0.0-beta.7',
25 silly addNameRange     '1.0.0-rc.1',
25 silly addNameRange     '1.0.0-rc.1.1',
25 silly addNameRange     '1.0.0-rc.1.2',
25 silly addNameRange     '1.0.0-rc.1.3',
25 silly addNameRange     '1.0.0-rc.1.4',
25 silly addNameRange     '1.0.0',
25 silly addNameRange     '1.0.1',
25 silly addNameRange     '1.0.2',
25 silly addNameRange     '1.0.3',
25 silly addNameRange     '1.0.4',
25 silly addNameRange     '1.0.5',
25 silly addNameRange     '1.0.6',
25 silly addNameRange     '1.0.7-pre.1',
25 silly addNameRange     '1.0.7-pre.2',
25 silly addNameRange     '1.0.7-pre.3',
25 silly addNameRange     '1.1.0',
25 silly addNameRange     '1.1.1',
25 silly addNameRange     '1.1.2' ] ]
26 verbose addNamed [ 'yo', '1.1.2' ]
27 verbose addNamed [ '1.1.2', '1.1.2' ]
28 silly lockFile c4df5c1e-yo-1-1-2 yo@1.1.2
29 verbose lock yo@1.1.2 /home/firexion/.npm/c4df5c1e-yo-1-1-2.lock
30 silly lockFile b65dd06a-gistry-npmjs-org-yo-yo-1-1-2-tgz https://registry.npmjs.org/yo/-/yo-1.1.2.tgz
31 verbose lock https://registry.npmjs.org/yo/-/yo-1.1.2.tgz /home/firexion/.npm/b65dd06a-gistry-npmjs-org-yo-yo-1-1-2-tgz.lock
32 verbose addRemoteTarball [ 'https://registry.npmjs.org/yo/-/yo-1.1.2.tgz',
32 verbose addRemoteTarball   'a0d4da72e83fa0e0dbfe1d0ba258881b240ab854' ]
33 info retry fetch attempt 1 at 21:46:38
34 verbose fetch to= /home/firexion/tmp/npm-16542-uGO9Bexw/1400723198808-0.8928796628024429/tmp.tgz
35 http GET https://registry.npmjs.org/yo/-/yo-1.1.2.tgz
36 http 200 https://registry.npmjs.org/yo/-/yo-1.1.2.tgz
37 verbose tar unpack /home/firexion/tmp/npm-16542-uGO9Bexw/1400723198808-0.8928796628024429/tmp.tgz
38 silly lockFile 3f741df6-me-firexion-npm-yo-1-1-2-package tar:///home/firexion/.npm/yo/1.1.2/package
39 verbose lock tar:///home/firexion/.npm/yo/1.1.2/package /home/firexion/.npm/3f741df6-me-firexion-npm-yo-1-1-2-package.lock
40 silly lockFile 7eccc9d9-98808-0-8928796628024429-tmp-tgz tar:///home/firexion/tmp/npm-16542-uGO9Bexw/1400723198808-0.8928796628024429/tmp.tgz
41 verbose lock tar:///home/firexion/tmp/npm-16542-uGO9Bexw/1400723198808-0.8928796628024429/tmp.tgz /home/firexion/.npm/7eccc9d9-98808-0-8928796628024429-tmp-tgz.lock
42 silly gunzTarPerm modes [ '755', '644' ]
43 silly gunzTarPerm extractEntry package.json
44 silly gunzTarPerm extractEntry cli.js
45 silly gunzTarPerm extractEntry yoyo.js
46 silly gunzTarPerm extractEntry readme.md
47 silly gunzTarPerm extractEntry scripts/doctor.js
48 silly gunzTarPerm extractEntry yeoman.txt
49 silly lockFile 3f741df6-me-firexion-npm-yo-1-1-2-package tar:///home/firexion/.npm/yo/1.1.2/package
50 silly lockFile 3f741df6-me-firexion-npm-yo-1-1-2-package tar:///home/firexion/.npm/yo/1.1.2/package
51 silly lockFile 7eccc9d9-98808-0-8928796628024429-tmp-tgz tar:///home/firexion/tmp/npm-16542-uGO9Bexw/1400723198808-0.8928796628024429/tmp.tgz
52 silly lockFile 7eccc9d9-98808-0-8928796628024429-tmp-tgz tar:///home/firexion/tmp/npm-16542-uGO9Bexw/1400723198808-0.8928796628024429/tmp.tgz
53 silly lockFile b65dd06a-gistry-npmjs-org-yo-yo-1-1-2-tgz https://registry.npmjs.org/yo/-/yo-1.1.2.tgz
54 silly lockFile b65dd06a-gistry-npmjs-org-yo-yo-1-1-2-tgz https://registry.npmjs.org/yo/-/yo-1.1.2.tgz
55 silly lockFile c4df5c1e-yo-1-1-2 yo@1.1.2
56 silly lockFile c4df5c1e-yo-1-1-2 yo@1.1.2
57 silly lockFile d937c28e-yo yo@
58 silly lockFile d937c28e-yo yo@
59 silly resolved [ { name: 'yo',
59 silly resolved     version: '1.1.2',
59 silly resolved     description: 'CLI tool for scaffolding out Yeoman projects',
59 silly resolved     license: 'MIT',
59 silly resolved     bin: { yo: 'cli.js' },
59 silly resolved     repository: { type: 'git', url: 'git://github.com/yeoman/yo' },
59 silly resolved     homepage: 'http://yeoman.io',
59 silly resolved     author: { name: 'Chrome Developer Relations' },
59 silly resolved     engines: { node: '>=0.8.0', npm: '>=1.2.10' },
59 silly resolved     scripts:
59 silly resolved      { test: 'grunt',
59 silly resolved        postinstall: 'node ./scripts/doctor',
59 silly resolved        postupdate: 'node ./scripts/doctor' },
59 silly resolved     files: [ 'cli.js', 'yoyo.js', 'yeoman.txt', 'scripts/' ],
59 silly resolved     keywords:
59 silly resolved      [ 'front-end',
59 silly resolved        'development',
59 silly resolved        'dev',
59 silly resolved        'build',
59 silly resolved        'web',
59 silly resolved        'tool',
59 silly resolved        'cli',
59 silly resolved        'scaffold',
59 silly resolved        'stack' ],
59 silly resolved     dependencies:
59 silly resolved      { 'yeoman-generator': '~0.16.0',
59 silly resolved        nopt: '~2.1.1',
59 silly resolved        lodash: '~2.4.1',
59 silly resolved        'update-notifier': '~0.1.3',
59 silly resolved        insight: '~0.3.0',
59 silly resolved        'sudo-block': '~0.3.0',
59 silly resolved        async: '~0.2.9',
59 silly resolved        open: '0.0.4',
59 silly resolved        chalk: '~0.4.0',
59 silly resolved        findup: '~0.1.3',
59 silly resolved        shelljs: '~0.2.6' },
59 silly resolved     peerDependencies: { 'grunt-cli': '~0.1.7', bower: '>=0.9.0' },
59 silly resolved     devDependencies:
59 silly resolved      { grunt: '~0.4.2',
59 silly resolved        mockery: '~1.4.0',
59 silly resolved        'grunt-contrib-jshint': '~0.8.0',
59 silly resolved        'grunt-contrib-watch': '~0.5.3',
59 silly resolved        'grunt-mocha-test': '~0.8.1' },
59 silly resolved     engineStrict: true,
59 silly resolved     preferGlobal: true,
59 silly resolved     readme: '# yo [![Build Status](https://secure.travis-ci.org/yeoman/yo.png?branch=master)](http://travis-ci.org/yeoman/yo)\n\nCLI tool for scaffolding out [Yeoman](https://github.com/yeoman/yeoman) projects.\n\n![](screenshot.png)\n\n\n## [Documentation](https://github.com/yeoman/yeoman/wiki)\n\n\n## Options\n\n- `--no-color` flag to disable colors.\n\n- `--[no-]insight` to toggle anonymous [Insight](https://github.com/yeoman/insight) tracking which helps us improve Yeoman. Using either of these flags on the first run will prevent you from being prompted about it interactively. The flags can also be used to change it later on.\n\n\n## Troubleshooting\n\nRunning `yo doctor` command can help you troubleshoot common issues.\n\nIf `doctor` doesn\'t help, then check opened issues for a similar problem. Open a new issue if your problem haven\'t been reported yet. Make sure to always include the version of `yo` (`yo --version`) and Node.js (`node --version`) you use.\n\nIf your issue only occur using a generator, please report the issues on the generator\'s repository.\n\n## Contribute\n\nSee the [contributing docs](https://github.com/yeoman/yeoman/blob/master/contributing.md).\n\n\n## License\n\n[BSD license](http://opensource.org/licenses/bsd-license.php) and copyright Google.\n',
59 silly resolved     readmeFilename: 'readme.md',
59 silly resolved     bugs: { url: 'https://github.com/yeoman/yo/issues' },
59 silly resolved     _id: 'yo@1.1.2',
59 silly resolved     _shasum: 'a0d4da72e83fa0e0dbfe1d0ba258881b240ab854',
59 silly resolved     _from: 'yo@',
59 silly resolved     _resolved: 'https://registry.npmjs.org/yo/-/yo-1.1.2.tgz' } ]
60 info install yo@1.1.2 into /usr/lib
61 info installOne yo@1.1.2
62 info /usr/lib/node_modules/yo unbuild
63 verbose tar unpack /home/firexion/.npm/yo/1.1.2/package.tgz
64 silly lockFile 7bedd6dc-tar-usr-lib-node-modules-yo tar:///usr/lib/node_modules/yo
65 verbose lock tar:///usr/lib/node_modules/yo /home/firexion/.npm/7bedd6dc-tar-usr-lib-node-modules-yo.lock
66 silly lockFile 93482483-irexion-npm-yo-1-1-2-package-tgz tar:///home/firexion/.npm/yo/1.1.2/package.tgz
67 verbose lock tar:///home/firexion/.npm/yo/1.1.2/package.tgz /home/firexion/.npm/93482483-irexion-npm-yo-1-1-2-package-tgz.lock
68 silly gunzTarPerm modes [ '755', '644' ]
69 error Error: EACCES, mkdir '/usr/lib/node_modules/yo'
69 error  { [Error: EACCES, mkdir '/usr/lib/node_modules/yo']
69 error   errno: 3,
69 error   code: 'EACCES',
69 error   path: '/usr/lib/node_modules/yo',
69 error   fstream_type: 'Directory',
69 error   fstream_path: '/usr/lib/node_modules/yo',
69 error   fstream_class: 'DirWriter',
69 error   fstream_stack:
69 error    [ '/usr/lib/node_modules/npm/node_modules/fstream/lib/dir-writer.js:36:23',
69 error      '/usr/lib/node_modules/npm/node_modules/mkdirp/index.js:37:53',
69 error      'Object.oncomplete (fs.js:107:15)' ] }
70 error Please try running this command again as root/Administrator.
71 error System Linux 3.2.0-61-generic
72 error command "/usr/bin/node" "/usr/bin/npm" "install" "-g" "yo"
73 error cwd /home/firexion/Projects/hundred
74 error node -v v0.10.28
75 error npm -v 1.4.9
76 error path /usr/lib/node_modules/yo
77 error fstream_path /usr/lib/node_modules/yo
78 error fstream_type Directory
79 error fstream_class DirWriter
80 error code EACCES
81 error errno 3
82 error stack Error: EACCES, mkdir '/usr/lib/node_modules/yo'
83 error fstream_stack /usr/lib/node_modules/npm/node_modules/fstream/lib/dir-writer.js:36:23
83 error fstream_stack /usr/lib/node_modules/npm/node_modules/mkdirp/index.js:37:53
83 error fstream_stack Object.oncomplete (fs.js:107:15)
84 verbose exit [ 3, true ]
